2013-04-15 16:24:35,670 INFO org.apache.hadoop.hdfs.server.namenode.NameNode: STARTUP_MSG: 
/************************************************************
STARTUP_MSG: Starting NameNode
STARTUP_MSG:   host = isofaults-MacBook-Pro.local/192.168.1.135
STARTUP_MSG:   args = []
STARTUP_MSG:   version = 1.0.4
STARTUP_MSG:   build = https://svn.apache.org/repos/asf/hadoop/common/branches/branch-1.0 -r 1393290; compiled by 'hortonfo' on Wed Oct  3 05:13:58 UTC 2012
************************************************************/
2013-04-15 16:24:36,428 INFO org.apache.hadoop.metrics2.impl.MetricsConfig: loaded properties from hadoop-metrics2.properties
2013-04-15 16:24:36,484 INFO org.apache.hadoop.metrics2.impl.MetricsSourceAdapter: MBean for source MetricsSystem,sub=Stats registered.
2013-04-15 16:24:36,491 INFO org.apache.hadoop.metrics2.impl.MetricsSystemImpl: Scheduled snapshot period at 10 second(s).
2013-04-15 16:24:36,491 INFO org.apache.hadoop.metrics2.impl.MetricsSystemImpl: NameNode metrics system started
2013-04-15 16:24:37,045 INFO org.apache.hadoop.metrics2.impl.MetricsSourceAdapter: MBean for source ugi registered.
2013-04-15 16:24:37,049 WARN org.apache.hadoop.metrics2.impl.MetricsSystemImpl: Source name ugi already exists!
2013-04-15 16:24:37,113 INFO org.apache.hadoop.metrics2.impl.MetricsSourceAdapter: MBean for source jvm registered.
2013-04-15 16:24:37,115 INFO org.apache.hadoop.metrics2.impl.MetricsSourceAdapter: MBean for source NameNode registered.
2013-04-15 16:24:37,265 INFO org.apache.hadoop.hdfs.util.GSet: VM type       = 64-bit
2013-04-15 16:24:37,265 INFO org.apache.hadoop.hdfs.util.GSet: 2% max memory = 19.9175 MB
2013-04-15 16:24:37,265 INFO org.apache.hadoop.hdfs.util.GSet: capacity      = 2^21 = 2097152 entries
2013-04-15 16:24:37,265 INFO org.apache.hadoop.hdfs.util.GSet: recommended=2097152, actual=2097152
2013-04-15 16:24:37,472 INFO org.apache.hadoop.hdfs.server.namenode.FSNamesystem: fsOwner=isofault
2013-04-15 16:24:37,472 INFO org.apache.hadoop.hdfs.server.namenode.FSNamesystem: supergroup=supergroup
2013-04-15 16:24:37,472 INFO org.apache.hadoop.hdfs.server.namenode.FSNamesystem: isPermissionEnabled=true
2013-04-15 16:24:37,491 INFO org.apache.hadoop.hdfs.server.namenode.FSNamesystem: dfs.block.invalidate.limit=100
2013-04-15 16:24:37,492 INFO org.apache.hadoop.hdfs.server.namenode.FSNamesystem: isAccessTokenEnabled=false accessKeyUpdateInterval=0 min(s), accessTokenLifetime=0 min(s)
2013-04-15 16:24:38,017 INFO org.apache.hadoop.hdfs.server.namenode.FSNamesystem: Registered FSNamesystemStateMBean and NameNodeMXBean
2013-04-15 16:24:38,117 INFO org.apache.hadoop.hdfs.server.namenode.NameNode: Caching file names occuring more than 10 times 
2013-04-15 16:24:38,132 INFO org.apache.hadoop.hdfs.server.common.Storage: Storage directory /private/tmp/hadoop-isofault/dfs/name does not exist.
2013-04-15 16:24:38,134 ERROR org.apache.hadoop.hdfs.server.namenode.FSNamesystem: FSNamesystem initialization failed.
org.apache.hadoop.hdfs.server.common.InconsistentFSStateException: Directory /private/tmp/hadoop-isofault/dfs/name is in an inconsistent state: storage directory does not exist or is not accessible.
	at org.apache.hadoop.hdfs.server.namenode.FSImage.recoverTransitionRead(FSImage.java:303)
	at org.apache.hadoop.hdfs.server.namenode.FSDirectory.loadFSImage(FSDirectory.java:100)
	at org.apache.hadoop.hdfs.server.namenode.FSNamesystem.initialize(FSNamesystem.java:388)
	at org.apache.hadoop.hdfs.server.namenode.FSNamesystem.<init>(FSNamesystem.java:362)
	at org.apache.hadoop.hdfs.server.namenode.NameNode.initialize(NameNode.java:276)
	at org.apache.hadoop.hdfs.server.namenode.NameNode.<init>(NameNode.java:496)
	at org.apache.hadoop.hdfs.server.namenode.NameNode.createNameNode(NameNode.java:1279)
	at org.apache.hadoop.hdfs.server.namenode.NameNode.main(NameNode.java:1288)
2013-04-15 16:24:38,135 ERROR org.apache.hadoop.hdfs.server.namenode.NameNode: org.apache.hadoop.hdfs.server.common.InconsistentFSStateException: Directory /private/tmp/hadoop-isofault/dfs/name is in an inconsistent state: storage directory does not exist or is not accessible.
	at org.apache.hadoop.hdfs.server.namenode.FSImage.recoverTransitionRead(FSImage.java:303)
	at org.apache.hadoop.hdfs.server.namenode.FSDirectory.loadFSImage(FSDirectory.java:100)
	at org.apache.hadoop.hdfs.server.namenode.FSNamesystem.initialize(FSNamesystem.java:388)
	at org.apache.hadoop.hdfs.server.namenode.FSNamesystem.<init>(FSNamesystem.java:362)
	at org.apache.hadoop.hdfs.server.namenode.NameNode.initialize(NameNode.java:276)
	at org.apache.hadoop.hdfs.server.namenode.NameNode.<init>(NameNode.java:496)
	at org.apache.hadoop.hdfs.server.namenode.NameNode.createNameNode(NameNode.java:1279)
	at org.apache.hadoop.hdfs.server.namenode.NameNode.main(NameNode.java:1288)

2013-04-15 16:24:38,136 INFO org.apache.hadoop.hdfs.server.namenode.NameNode: SHUTDOWN_MSG: 
/************************************************************
SHUTDOWN_MSG: Shutting down NameNode at isofaults-MacBook-Pro.local/192.168.1.135
************************************************************/
2013-04-15 16:29:01,887 INFO org.apache.hadoop.hdfs.server.namenode.NameNode: STARTUP_MSG: 
/************************************************************
STARTUP_MSG: Starting NameNode
STARTUP_MSG:   host = isofaults-MacBook-Pro.local/192.168.1.135
STARTUP_MSG:   args = []
STARTUP_MSG:   version = 1.0.4
STARTUP_MSG:   build = https://svn.apache.org/repos/asf/hadoop/common/branches/branch-1.0 -r 1393290; compiled by 'hortonfo' on Wed Oct  3 05:13:58 UTC 2012
************************************************************/
2013-04-15 16:29:02,102 INFO org.apache.hadoop.metrics2.impl.MetricsConfig: loaded properties from hadoop-metrics2.properties
2013-04-15 16:29:02,119 INFO org.apache.hadoop.metrics2.impl.MetricsSourceAdapter: MBean for source MetricsSystem,sub=Stats registered.
2013-04-15 16:29:02,128 INFO org.apache.hadoop.metrics2.impl.MetricsSystemImpl: Scheduled snapshot period at 10 second(s).
2013-04-15 16:29:02,128 INFO org.apache.hadoop.metrics2.impl.MetricsSystemImpl: NameNode metrics system started
2013-04-15 16:29:02,406 INFO org.apache.hadoop.metrics2.impl.MetricsSourceAdapter: MBean for source ugi registered.
2013-04-15 16:29:02,416 WARN org.apache.hadoop.metrics2.impl.MetricsSystemImpl: Source name ugi already exists!
2013-04-15 16:29:02,430 INFO org.apache.hadoop.metrics2.impl.MetricsSourceAdapter: MBean for source jvm registered.
2013-04-15 16:29:02,442 INFO org.apache.hadoop.metrics2.impl.MetricsSourceAdapter: MBean for source NameNode registered.
2013-04-15 16:29:02,537 INFO org.apache.hadoop.hdfs.util.GSet: VM type       = 64-bit
2013-04-15 16:29:02,537 INFO org.apache.hadoop.hdfs.util.GSet: 2% max memory = 19.9175 MB
2013-04-15 16:29:02,538 INFO org.apache.hadoop.hdfs.util.GSet: capacity      = 2^21 = 2097152 entries
2013-04-15 16:29:02,538 INFO org.apache.hadoop.hdfs.util.GSet: recommended=2097152, actual=2097152
2013-04-15 16:29:02,568 INFO org.apache.hadoop.hdfs.server.namenode.FSNamesystem: fsOwner=isofault
2013-04-15 16:29:02,568 INFO org.apache.hadoop.hdfs.server.namenode.FSNamesystem: supergroup=supergroup
2013-04-15 16:29:02,568 INFO org.apache.hadoop.hdfs.server.namenode.FSNamesystem: isPermissionEnabled=true
2013-04-15 16:29:02,576 INFO org.apache.hadoop.hdfs.server.namenode.FSNamesystem: dfs.block.invalidate.limit=100
2013-04-15 16:29:02,576 INFO org.apache.hadoop.hdfs.server.namenode.FSNamesystem: isAccessTokenEnabled=false accessKeyUpdateInterval=0 min(s), accessTokenLifetime=0 min(s)
2013-04-15 16:29:02,968 INFO org.apache.hadoop.hdfs.server.namenode.FSNamesystem: Registered FSNamesystemStateMBean and NameNodeMXBean
2013-04-15 16:29:02,989 INFO org.apache.hadoop.hdfs.server.namenode.NameNode: Caching file names occuring more than 10 times 
2013-04-15 16:29:02,993 INFO org.apache.hadoop.hdfs.server.common.Storage: Storage directory /private/tmp/hadoop-isofault/dfs/name does not exist.
2013-04-15 16:29:02,995 ERROR org.apache.hadoop.hdfs.server.namenode.FSNamesystem: FSNamesystem initialization failed.
org.apache.hadoop.hdfs.server.common.InconsistentFSStateException: Directory /private/tmp/hadoop-isofault/dfs/name is in an inconsistent state: storage directory does not exist or is not accessible.
	at org.apache.hadoop.hdfs.server.namenode.FSImage.recoverTransitionRead(FSImage.java:303)
	at org.apache.hadoop.hdfs.server.namenode.FSDirectory.loadFSImage(FSDirectory.java:100)
	at org.apache.hadoop.hdfs.server.namenode.FSNamesystem.initialize(FSNamesystem.java:388)
	at org.apache.hadoop.hdfs.server.namenode.FSNamesystem.<init>(FSNamesystem.java:362)
	at org.apache.hadoop.hdfs.server.namenode.NameNode.initialize(NameNode.java:276)
	at org.apache.hadoop.hdfs.server.namenode.NameNode.<init>(NameNode.java:496)
	at org.apache.hadoop.hdfs.server.namenode.NameNode.createNameNode(NameNode.java:1279)
	at org.apache.hadoop.hdfs.server.namenode.NameNode.main(NameNode.java:1288)
2013-04-15 16:29:02,996 ERROR org.apache.hadoop.hdfs.server.namenode.NameNode: org.apache.hadoop.hdfs.server.common.InconsistentFSStateException: Directory /private/tmp/hadoop-isofault/dfs/name is in an inconsistent state: storage directory does not exist or is not accessible.
	at org.apache.hadoop.hdfs.server.namenode.FSImage.recoverTransitionRead(FSImage.java:303)
	at org.apache.hadoop.hdfs.server.namenode.FSDirectory.loadFSImage(FSDirectory.java:100)
	at org.apache.hadoop.hdfs.server.namenode.FSNamesystem.initialize(FSNamesystem.java:388)
	at org.apache.hadoop.hdfs.server.namenode.FSNamesystem.<init>(FSNamesystem.java:362)
	at org.apache.hadoop.hdfs.server.namenode.NameNode.initialize(NameNode.java:276)
	at org.apache.hadoop.hdfs.server.namenode.NameNode.<init>(NameNode.java:496)
	at org.apache.hadoop.hdfs.server.namenode.NameNode.createNameNode(NameNode.java:1279)
	at org.apache.hadoop.hdfs.server.namenode.NameNode.main(NameNode.java:1288)

2013-04-15 16:29:02,997 INFO org.apache.hadoop.hdfs.server.namenode.NameNode: SHUTDOWN_MSG: 
/************************************************************
SHUTDOWN_MSG: Shutting down NameNode at isofaults-MacBook-Pro.local/192.168.1.135
************************************************************/
2013-04-15 16:29:15,469 INFO org.apache.hadoop.hdfs.server.namenode.NameNode: STARTUP_MSG: 
/************************************************************
STARTUP_MSG: Starting NameNode
STARTUP_MSG:   host = isofaults-MacBook-Pro.local/192.168.1.135
STARTUP_MSG:   args = []
STARTUP_MSG:   version = 1.0.4
STARTUP_MSG:   build = https://svn.apache.org/repos/asf/hadoop/common/branches/branch-1.0 -r 1393290; compiled by 'hortonfo' on Wed Oct  3 05:13:58 UTC 2012
************************************************************/
2013-04-15 16:29:15,707 INFO org.apache.hadoop.metrics2.impl.MetricsConfig: loaded properties from hadoop-metrics2.properties
2013-04-15 16:29:15,720 INFO org.apache.hadoop.metrics2.impl.MetricsSourceAdapter: MBean for source MetricsSystem,sub=Stats registered.
2013-04-15 16:29:15,721 INFO org.apache.hadoop.metrics2.impl.MetricsSystemImpl: Scheduled snapshot period at 10 second(s).
2013-04-15 16:29:15,721 INFO org.apache.hadoop.metrics2.impl.MetricsSystemImpl: NameNode metrics system started
2013-04-15 16:29:16,023 INFO org.apache.hadoop.metrics2.impl.MetricsSourceAdapter: MBean for source ugi registered.
2013-04-15 16:29:16,027 WARN org.apache.hadoop.metrics2.impl.MetricsSystemImpl: Source name ugi already exists!
2013-04-15 16:29:16,065 INFO org.apache.hadoop.metrics2.impl.MetricsSourceAdapter: MBean for source jvm registered.
2013-04-15 16:29:16,068 INFO org.apache.hadoop.metrics2.impl.MetricsSourceAdapter: MBean for source NameNode registered.
2013-04-15 16:29:16,162 INFO org.apache.hadoop.hdfs.util.GSet: VM type       = 64-bit
2013-04-15 16:29:16,162 INFO org.apache.hadoop.hdfs.util.GSet: 2% max memory = 19.9175 MB
2013-04-15 16:29:16,162 INFO org.apache.hadoop.hdfs.util.GSet: capacity      = 2^21 = 2097152 entries
2013-04-15 16:29:16,162 INFO org.apache.hadoop.hdfs.util.GSet: recommended=2097152, actual=2097152
2013-04-15 16:29:16,189 INFO org.apache.hadoop.hdfs.server.namenode.FSNamesystem: fsOwner=isofault
2013-04-15 16:29:16,190 INFO org.apache.hadoop.hdfs.server.namenode.FSNamesystem: supergroup=supergroup
2013-04-15 16:29:16,190 INFO org.apache.hadoop.hdfs.server.namenode.FSNamesystem: isPermissionEnabled=true
2013-04-15 16:29:16,194 INFO org.apache.hadoop.hdfs.server.namenode.FSNamesystem: dfs.block.invalidate.limit=100
2013-04-15 16:29:16,195 INFO org.apache.hadoop.hdfs.server.namenode.FSNamesystem: isAccessTokenEnabled=false accessKeyUpdateInterval=0 min(s), accessTokenLifetime=0 min(s)
2013-04-15 16:29:16,447 INFO org.apache.hadoop.hdfs.server.namenode.FSNamesystem: Registered FSNamesystemStateMBean and NameNodeMXBean
2013-04-15 16:29:16,481 INFO org.apache.hadoop.hdfs.server.namenode.NameNode: Caching file names occuring more than 10 times 
2013-04-15 16:29:16,486 INFO org.apache.hadoop.hdfs.server.common.Storage: Storage directory /private/tmp/hadoop-isofault/dfs/name does not exist.
2013-04-15 16:29:16,488 ERROR org.apache.hadoop.hdfs.server.namenode.FSNamesystem: FSNamesystem initialization failed.
org.apache.hadoop.hdfs.server.common.InconsistentFSStateException: Directory /private/tmp/hadoop-isofault/dfs/name is in an inconsistent state: storage directory does not exist or is not accessible.
	at org.apache.hadoop.hdfs.server.namenode.FSImage.recoverTransitionRead(FSImage.java:303)
	at org.apache.hadoop.hdfs.server.namenode.FSDirectory.loadFSImage(FSDirectory.java:100)
	at org.apache.hadoop.hdfs.server.namenode.FSNamesystem.initialize(FSNamesystem.java:388)
	at org.apache.hadoop.hdfs.server.namenode.FSNamesystem.<init>(FSNamesystem.java:362)
	at org.apache.hadoop.hdfs.server.namenode.NameNode.initialize(NameNode.java:276)
	at org.apache.hadoop.hdfs.server.namenode.NameNode.<init>(NameNode.java:496)
	at org.apache.hadoop.hdfs.server.namenode.NameNode.createNameNode(NameNode.java:1279)
	at org.apache.hadoop.hdfs.server.namenode.NameNode.main(NameNode.java:1288)
2013-04-15 16:29:16,489 ERROR org.apache.hadoop.hdfs.server.namenode.NameNode: org.apache.hadoop.hdfs.server.common.InconsistentFSStateException: Directory /private/tmp/hadoop-isofault/dfs/name is in an inconsistent state: storage directory does not exist or is not accessible.
	at org.apache.hadoop.hdfs.server.namenode.FSImage.recoverTransitionRead(FSImage.java:303)
	at org.apache.hadoop.hdfs.server.namenode.FSDirectory.loadFSImage(FSDirectory.java:100)
	at org.apache.hadoop.hdfs.server.namenode.FSNamesystem.initialize(FSNamesystem.java:388)
	at org.apache.hadoop.hdfs.server.namenode.FSNamesystem.<init>(FSNamesystem.java:362)
	at org.apache.hadoop.hdfs.server.namenode.NameNode.initialize(NameNode.java:276)
	at org.apache.hadoop.hdfs.server.namenode.NameNode.<init>(NameNode.java:496)
	at org.apache.hadoop.hdfs.server.namenode.NameNode.createNameNode(NameNode.java:1279)
	at org.apache.hadoop.hdfs.server.namenode.NameNode.main(NameNode.java:1288)

2013-04-15 16:29:16,490 INFO org.apache.hadoop.hdfs.server.namenode.NameNode: SHUTDOWN_MSG: 
/************************************************************
SHUTDOWN_MSG: Shutting down NameNode at isofaults-MacBook-Pro.local/192.168.1.135
************************************************************/
2013-04-15 16:31:53,021 INFO org.apache.hadoop.hdfs.server.namenode.NameNode: STARTUP_MSG: 
/************************************************************
STARTUP_MSG: Starting NameNode
STARTUP_MSG:   host = isofaults-MacBook-Pro.local/192.168.1.135
STARTUP_MSG:   args = []
STARTUP_MSG:   version = 1.0.4
STARTUP_MSG:   build = https://svn.apache.org/repos/asf/hadoop/common/branches/branch-1.0 -r 1393290; compiled by 'hortonfo' on Wed Oct  3 05:13:58 UTC 2012
************************************************************/
2013-04-15 16:31:54,252 INFO org.apache.hadoop.metrics2.impl.MetricsConfig: loaded properties from hadoop-metrics2.properties
2013-04-15 16:31:54,305 INFO org.apache.hadoop.metrics2.impl.MetricsSourceAdapter: MBean for source MetricsSystem,sub=Stats registered.
2013-04-15 16:31:54,318 INFO org.apache.hadoop.metrics2.impl.MetricsSystemImpl: Scheduled snapshot period at 10 second(s).
2013-04-15 16:31:54,318 INFO org.apache.hadoop.metrics2.impl.MetricsSystemImpl: NameNode metrics system started
2013-04-15 16:31:55,449 INFO org.apache.hadoop.metrics2.impl.MetricsSourceAdapter: MBean for source ugi registered.
2013-04-15 16:31:55,496 WARN org.apache.hadoop.metrics2.impl.MetricsSystemImpl: Source name ugi already exists!
2013-04-15 16:31:55,547 INFO org.apache.hadoop.metrics2.impl.MetricsSourceAdapter: MBean for source jvm registered.
2013-04-15 16:31:55,549 INFO org.apache.hadoop.metrics2.impl.MetricsSourceAdapter: MBean for source NameNode registered.
2013-04-15 16:31:55,944 INFO org.apache.hadoop.hdfs.util.GSet: VM type       = 64-bit
2013-04-15 16:31:55,944 INFO org.apache.hadoop.hdfs.util.GSet: 2% max memory = 19.9175 MB
2013-04-15 16:31:55,944 INFO org.apache.hadoop.hdfs.util.GSet: capacity      = 2^21 = 2097152 entries
2013-04-15 16:31:55,944 INFO org.apache.hadoop.hdfs.util.GSet: recommended=2097152, actual=2097152
2013-04-15 16:31:56,037 INFO org.apache.hadoop.hdfs.server.namenode.FSNamesystem: fsOwner=isofault
2013-04-15 16:31:56,038 INFO org.apache.hadoop.hdfs.server.namenode.FSNamesystem: supergroup=supergroup
2013-04-15 16:31:56,038 INFO org.apache.hadoop.hdfs.server.namenode.FSNamesystem: isPermissionEnabled=true
2013-04-15 16:31:56,046 INFO org.apache.hadoop.hdfs.server.namenode.FSNamesystem: dfs.block.invalidate.limit=100
2013-04-15 16:31:56,046 INFO org.apache.hadoop.hdfs.server.namenode.FSNamesystem: isAccessTokenEnabled=false accessKeyUpdateInterval=0 min(s), accessTokenLifetime=0 min(s)
2013-04-15 16:31:56,597 INFO org.apache.hadoop.hdfs.server.namenode.FSNamesystem: Registered FSNamesystemStateMBean and NameNodeMXBean
2013-04-15 16:31:56,752 INFO org.apache.hadoop.hdfs.server.namenode.NameNode: Caching file names occuring more than 10 times 
2013-04-15 16:31:56,774 INFO org.apache.hadoop.hdfs.server.common.Storage: Storage directory /private/tmp/hadoop-isofault/dfs/name does not exist.
2013-04-15 16:31:56,775 ERROR org.apache.hadoop.hdfs.server.namenode.FSNamesystem: FSNamesystem initialization failed.
org.apache.hadoop.hdfs.server.common.InconsistentFSStateException: Directory /private/tmp/hadoop-isofault/dfs/name is in an inconsistent state: storage directory does not exist or is not accessible.
	at org.apache.hadoop.hdfs.server.namenode.FSImage.recoverTransitionRead(FSImage.java:303)
	at org.apache.hadoop.hdfs.server.namenode.FSDirectory.loadFSImage(FSDirectory.java:100)
	at org.apache.hadoop.hdfs.server.namenode.FSNamesystem.initialize(FSNamesystem.java:388)
	at org.apache.hadoop.hdfs.server.namenode.FSNamesystem.<init>(FSNamesystem.java:362)
	at org.apache.hadoop.hdfs.server.namenode.NameNode.initialize(NameNode.java:276)
	at org.apache.hadoop.hdfs.server.namenode.NameNode.<init>(NameNode.java:496)
	at org.apache.hadoop.hdfs.server.namenode.NameNode.createNameNode(NameNode.java:1279)
	at org.apache.hadoop.hdfs.server.namenode.NameNode.main(NameNode.java:1288)
2013-04-15 16:31:56,776 ERROR org.apache.hadoop.hdfs.server.namenode.NameNode: org.apache.hadoop.hdfs.server.common.InconsistentFSStateException: Directory /private/tmp/hadoop-isofault/dfs/name is in an inconsistent state: storage directory does not exist or is not accessible.
	at org.apache.hadoop.hdfs.server.namenode.FSImage.recoverTransitionRead(FSImage.java:303)
	at org.apache.hadoop.hdfs.server.namenode.FSDirectory.loadFSImage(FSDirectory.java:100)
	at org.apache.hadoop.hdfs.server.namenode.FSNamesystem.initialize(FSNamesystem.java:388)
	at org.apache.hadoop.hdfs.server.namenode.FSNamesystem.<init>(FSNamesystem.java:362)
	at org.apache.hadoop.hdfs.server.namenode.NameNode.initialize(NameNode.java:276)
	at org.apache.hadoop.hdfs.server.namenode.NameNode.<init>(NameNode.java:496)
	at org.apache.hadoop.hdfs.server.namenode.NameNode.createNameNode(NameNode.java:1279)
	at org.apache.hadoop.hdfs.server.namenode.NameNode.main(NameNode.java:1288)

2013-04-15 16:31:56,778 INFO org.apache.hadoop.hdfs.server.namenode.NameNode: SHUTDOWN_MSG: 
/************************************************************
SHUTDOWN_MSG: Shutting down NameNode at isofaults-MacBook-Pro.local/192.168.1.135
************************************************************/
2013-04-15 16:48:38,010 INFO org.apache.hadoop.hdfs.server.namenode.NameNode: STARTUP_MSG: 
/************************************************************
STARTUP_MSG: Starting NameNode
STARTUP_MSG:   host = isofaults-MacBook-Pro.local/192.168.1.135
STARTUP_MSG:   args = []
STARTUP_MSG:   version = 1.0.4
STARTUP_MSG:   build = https://svn.apache.org/repos/asf/hadoop/common/branches/branch-1.0 -r 1393290; compiled by 'hortonfo' on Wed Oct  3 05:13:58 UTC 2012
************************************************************/
2013-04-15 16:48:38,277 INFO org.apache.hadoop.metrics2.impl.MetricsConfig: loaded properties from hadoop-metrics2.properties
2013-04-15 16:48:38,292 INFO org.apache.hadoop.metrics2.impl.MetricsSourceAdapter: MBean for source MetricsSystem,sub=Stats registered.
2013-04-15 16:48:38,293 INFO org.apache.hadoop.metrics2.impl.MetricsSystemImpl: Scheduled snapshot period at 10 second(s).
2013-04-15 16:48:38,293 INFO org.apache.hadoop.metrics2.impl.MetricsSystemImpl: NameNode metrics system started
2013-04-15 16:48:38,557 INFO org.apache.hadoop.metrics2.impl.MetricsSourceAdapter: MBean for source ugi registered.
2013-04-15 16:48:38,577 INFO org.apache.hadoop.metrics2.impl.MetricsSourceAdapter: MBean for source jvm registered.
2013-04-15 16:48:38,578 INFO org.apache.hadoop.metrics2.impl.MetricsSourceAdapter: MBean for source NameNode registered.
2013-04-15 16:48:38,609 INFO org.apache.hadoop.hdfs.util.GSet: VM type       = 64-bit
2013-04-15 16:48:38,609 INFO org.apache.hadoop.hdfs.util.GSet: 2% max memory = 19.9175 MB
2013-04-15 16:48:38,609 INFO org.apache.hadoop.hdfs.util.GSet: capacity      = 2^21 = 2097152 entries
2013-04-15 16:48:38,609 INFO org.apache.hadoop.hdfs.util.GSet: recommended=2097152, actual=2097152
2013-04-15 16:48:38,657 INFO org.apache.hadoop.hdfs.server.namenode.FSNamesystem: fsOwner=isofault
2013-04-15 16:48:38,657 INFO org.apache.hadoop.hdfs.server.namenode.FSNamesystem: supergroup=supergroup
2013-04-15 16:48:38,657 INFO org.apache.hadoop.hdfs.server.namenode.FSNamesystem: isPermissionEnabled=true
2013-04-15 16:48:38,664 INFO org.apache.hadoop.hdfs.server.namenode.FSNamesystem: dfs.block.invalidate.limit=100
2013-04-15 16:48:38,664 INFO org.apache.hadoop.hdfs.server.namenode.FSNamesystem: isAccessTokenEnabled=false accessKeyUpdateInterval=0 min(s), accessTokenLifetime=0 min(s)
2013-04-15 16:48:38,954 INFO org.apache.hadoop.hdfs.server.namenode.FSNamesystem: Registered FSNamesystemStateMBean and NameNodeMXBean
2013-04-15 16:48:38,978 INFO org.apache.hadoop.hdfs.server.namenode.NameNode: Caching file names occuring more than 10 times 
2013-04-15 16:48:39,020 INFO org.apache.hadoop.hdfs.server.common.Storage: Number of files = 1
2013-04-15 16:48:39,027 INFO org.apache.hadoop.hdfs.server.common.Storage: Number of files under construction = 0
2013-04-15 16:48:39,027 INFO org.apache.hadoop.hdfs.server.common.Storage: Image file of size 114 loaded in 0 seconds.
2013-04-15 16:48:39,027 INFO org.apache.hadoop.hdfs.server.common.Storage: Edits file /tmp/hadoop-isofault/dfs/name/current/edits of size 4 edits # 0 loaded in 0 seconds.
2013-04-15 16:48:39,030 INFO org.apache.hadoop.hdfs.server.common.Storage: Image file of size 114 saved in 0 seconds.
2013-04-15 16:48:39,088 INFO org.apache.hadoop.hdfs.server.common.Storage: Image file of size 114 saved in 0 seconds.
2013-04-15 16:48:39,097 INFO org.apache.hadoop.hdfs.server.namenode.NameCache: initialized with 0 entries 0 lookups
2013-04-15 16:48:39,097 INFO org.apache.hadoop.hdfs.server.namenode.FSNamesystem: Finished loading FSImage in 453 msecs
2013-04-15 16:48:39,109 INFO org.apache.hadoop.hdfs.server.namenode.FSNamesystem: Total number of blocks = 0
2013-04-15 16:48:39,109 INFO org.apache.hadoop.hdfs.server.namenode.FSNamesystem: Number of invalid blocks = 0
2013-04-15 16:48:39,110 INFO org.apache.hadoop.hdfs.server.namenode.FSNamesystem: Number of under-replicated blocks = 0
2013-04-15 16:48:39,110 INFO org.apache.hadoop.hdfs.server.namenode.FSNamesystem: Number of  over-replicated blocks = 0
2013-04-15 16:48:39,110 INFO org.apache.hadoop.hdfs.StateChange: STATE* Safe mode termination scan for invalid, over- and under-replicated blocks completed in 12 msec
2013-04-15 16:48:39,110 INFO org.apache.hadoop.hdfs.StateChange: STATE* Leaving safe mode after 0 secs.
2013-04-15 16:48:39,110 INFO org.apache.hadoop.hdfs.StateChange: STATE* Network topology has 0 racks and 0 datanodes
2013-04-15 16:48:39,110 INFO org.apache.hadoop.hdfs.StateChange: STATE* UnderReplicatedBlocks has 0 blocks
2013-04-15 16:48:39,134 INFO org.apache.hadoop.util.HostsFileReader: Refreshing hosts (include/exclude) list
2013-04-15 16:48:39,138 INFO org.apache.hadoop.hdfs.server.namenode.FSNamesystem: ReplicateQueue QueueProcessingStatistics: First cycle completed 0 blocks in 6 msec
2013-04-15 16:48:39,139 INFO org.apache.hadoop.hdfs.server.namenode.FSNamesystem: ReplicateQueue QueueProcessingStatistics: Queue flush completed 0 blocks in 6 msec processing time, 6 msec clock time, 1 cycles
2013-04-15 16:48:39,139 INFO org.apache.hadoop.hdfs.server.namenode.FSNamesystem: InvalidateQueue QueueProcessingStatistics: First cycle completed 0 blocks in 0 msec
2013-04-15 16:48:39,139 INFO org.apache.hadoop.hdfs.server.namenode.FSNamesystem: InvalidateQueue QueueProcessingStatistics: Queue flush completed 0 blocks in 0 msec processing time, 0 msec clock time, 1 cycles
2013-04-15 16:48:39,140 INFO org.apache.hadoop.metrics2.impl.MetricsSourceAdapter: MBean for source FSNamesystemMetrics registered.
2013-04-15 16:48:39,171 INFO org.apache.hadoop.ipc.Server: Starting SocketReader
2013-04-15 16:48:39,177 INFO org.apache.hadoop.metrics2.impl.MetricsSourceAdapter: MBean for source RpcDetailedActivityForPort9000 registered.
2013-04-15 16:48:39,177 INFO org.apache.hadoop.metrics2.impl.MetricsSourceAdapter: MBean for source RpcActivityForPort9000 registered.
2013-04-15 16:48:39,181 INFO org.apache.hadoop.hdfs.server.namenode.NameNode: Namenode up at: localhost/127.0.0.1:9000
2013-04-15 16:48:39,295 INFO org.mortbay.log: Logging to org.slf4j.impl.Log4jLoggerAdapter(org.mortbay.log) via org.mortbay.log.Slf4jLog
2013-04-15 16:48:39,361 INFO org.apache.hadoop.http.HttpServer: Added global filtersafety (class=org.apache.hadoop.http.HttpServer$QuotingInputFilter)
2013-04-15 16:48:39,372 INFO org.apache.hadoop.http.HttpServer: dfs.webhdfs.enabled = false
2013-04-15 16:48:39,379 INFO org.apache.hadoop.http.HttpServer: Port returned by webServer.getConnectors()[0].getLocalPort() before open() is -1. Opening the listener on 50070
2013-04-15 16:48:39,382 INFO org.apache.hadoop.http.HttpServer: listener.getLocalPort() returned 50070 webServer.getConnectors()[0].getLocalPort() returned 50070
2013-04-15 16:48:39,382 INFO org.apache.hadoop.http.HttpServer: Jetty bound to port 50070
2013-04-15 16:48:39,382 INFO org.mortbay.log: jetty-6.1.26
2013-04-15 16:48:39,857 INFO org.mortbay.log: Started SelectChannelConnector@0.0.0.0:50070
2013-04-15 16:48:39,857 INFO org.apache.hadoop.hdfs.server.namenode.NameNode: Web-server up at: 0.0.0.0:50070
2013-04-15 16:48:39,857 INFO org.apache.hadoop.ipc.Server: IPC Server Responder: starting
2013-04-15 16:48:39,858 INFO org.apache.hadoop.ipc.Server: IPC Server listener on 9000: starting
2013-04-15 16:48:39,861 INFO org.apache.hadoop.ipc.Server: IPC Server handler 0 on 9000: starting
2013-04-15 16:48:39,862 INFO org.apache.hadoop.ipc.Server: IPC Server handler 1 on 9000: starting
2013-04-15 16:48:39,862 INFO org.apache.hadoop.ipc.Server: IPC Server handler 2 on 9000: starting
2013-04-15 16:48:39,862 INFO org.apache.hadoop.ipc.Server: IPC Server handler 3 on 9000: starting
2013-04-15 16:48:39,863 INFO org.apache.hadoop.ipc.Server: IPC Server handler 4 on 9000: starting
2013-04-15 16:48:39,863 INFO org.apache.hadoop.ipc.Server: IPC Server handler 5 on 9000: starting
2013-04-15 16:48:39,863 INFO org.apache.hadoop.ipc.Server: IPC Server handler 6 on 9000: starting
2013-04-15 16:48:39,863 INFO org.apache.hadoop.ipc.Server: IPC Server handler 7 on 9000: starting
2013-04-15 16:48:39,863 INFO org.apache.hadoop.ipc.Server: IPC Server handler 8 on 9000: starting
2013-04-15 16:48:39,863 INFO org.apache.hadoop.ipc.Server: IPC Server handler 9 on 9000: starting
2013-04-15 16:48:40,381 ERROR org.apache.hadoop.security.UserGroupInformation: PriviledgedActionException as:isofault cause:java.io.IOException: File /tmp/hadoop-isofault/mapred/system/jobtracker.info could only be replicated to 0 nodes, instead of 1
2013-04-15 16:48:40,383 INFO org.apache.hadoop.ipc.Server: IPC Server handler 3 on 9000, call addBlock(/tmp/hadoop-isofault/mapred/system/jobtracker.info, DFSClient_-984596485, null) from 127.0.0.1:51949: error: java.io.IOException: File /tmp/hadoop-isofault/mapred/system/jobtracker.info could only be replicated to 0 nodes, instead of 1
java.io.IOException: File /tmp/hadoop-isofault/mapred/system/jobtracker.info could only be replicated to 0 nodes, instead of 1
	at org.apache.hadoop.hdfs.server.namenode.FSNamesystem.getAdditionalBlock(FSNamesystem.java:1558)
	at org.apache.hadoop.hdfs.server.namenode.NameNode.addBlock(NameNode.java:696)
	at sun.reflect.NativeMethodAccessorImpl.invoke0(Native Method)
	at sun.reflect.NativeMethodAccessorImpl.invoke(NativeMethodAccessorImpl.java:39)
	at sun.reflect.DelegatingMethodAccessorImpl.invoke(DelegatingMethodAccessorImpl.java:25)
	at java.lang.reflect.Method.invoke(Method.java:597)
	at org.apache.hadoop.ipc.RPC$Server.call(RPC.java:563)
	at org.apache.hadoop.ipc.Server$Handler$1.run(Server.java:1388)
	at org.apache.hadoop.ipc.Server$Handler$1.run(Server.java:1384)
	at java.security.AccessController.doPrivileged(Native Method)
	at javax.security.auth.Subject.doAs(Subject.java:396)
	at org.apache.hadoop.security.UserGroupInformation.doAs(UserGroupInformation.java:1121)
	at org.apache.hadoop.ipc.Server$Handler.run(Server.java:1382)
2013-04-15 16:48:41,296 INFO org.apache.hadoop.hdfs.StateChange: BLOCK* NameSystem.registerDatanode: node registration from 127.0.0.1:50010 storage DS-1761577291-192.168.1.135-50010-1366069721291
2013-04-15 16:48:41,299 INFO org.apache.hadoop.net.NetworkTopology: Adding a new node: /default-rack/127.0.0.1:50010
2013-04-15 16:48:41,317 INFO org.apache.hadoop.hdfs.StateChange: *BLOCK* NameSystem.processReport: from 127.0.0.1:50010, blocks: 0, processing time: 1 msecs
2013-04-15 16:48:50,459 INFO org.apache.hadoop.hdfs.StateChange: BLOCK* NameSystem.allocateBlock: /tmp/hadoop-isofault/mapred/system/jobtracker.info. blk_-6619365965583529750_1002
2013-04-15 16:48:50,551 INFO org.apache.hadoop.hdfs.StateChange: BLOCK* NameSystem.addStoredBlock: blockMap updated: 127.0.0.1:50010 is added to blk_-6619365965583529750_1002 size 4
2013-04-15 16:48:50,556 INFO org.apache.hadoop.hdfs.StateChange: Removing lease on  file /tmp/hadoop-isofault/mapred/system/jobtracker.info from client DFSClient_-984596485
2013-04-15 16:48:50,556 INFO org.apache.hadoop.hdfs.StateChange: DIR* NameSystem.completeFile: file /tmp/hadoop-isofault/mapred/system/jobtracker.info is closed by DFSClient_-984596485
